#
# There is insufficient memory for the Java Runtime Environment to continue.
# Native memory allocation (mmap) failed to map 234881024 bytes for G1 virtual space
# Possible reasons:
#   The system is out of physical RAM or swap space
#   The process is running with CompressedOops enabled, and the Java Heap may be blocking the growth of the native heap
# Possible solutions:
#   Reduce memory load on the system
#   Increase physical memory or swap space
#   Check if swap backing store is full
#   Decrease Java heap size (-Xmx/-Xms)
#   Decrease number of Java threads
#   Decrease Java thread stack sizes (-Xss)
#   Set larger code cache with -XX:ReservedCodeCacheSize=
#   JVM is running with Zero Based Compressed Oops mode in which the Java heap is
#     placed in the first 32GB address space. The Java Heap base address is the
#     maximum limit for the native heap growth. Please use -XX:HeapBaseMinAddress
#     to set the Java Heap base and to place the Java Heap above 32GB virtual address.
# This output file may be truncated or incomplete.
#
#  Out of Memory Error (./open/src/hotspot/os/windows/os_windows.cpp:3321), pid=15896, tid=9100
#
# JRE version:  (15.0.2+7) (build )
# Java VM: OpenJDK 64-Bit Server VM (15.0.2+7-27, mixed mode, sharing, tiered, compressed oops, g1 gc, windows-amd64)
# No core dump will be written. Minidumps are not enabled by default on client versions of Windows
#

---------------  S U M M A R Y ------------

Command Line: -Dfile.encoding=Cp1252 --module-path=C:\Users\matth\.p2\pool\plugins\org.junit_4.13.0.v20200204-1500.jar;C:\Users\matth\.p2\pool\plugins\org.hamcrest.core_1.3.0.v20180420-1519.jar;D:\Cours UCN\Projet\sqljdbc4.jar -XX:+ShowCodeDetailsInExceptionMessages ui.UserInterface

Host: AMD Ryzen 7 3700U with Radeon Vega Mobile Gfx  , 8 cores, 13G,  Windows 10 , 64 bit Build 19041 (10.0.19041.804)
Time: Fri Mar 19 13:13:12 2021 Paris, Madrid elapsed time: 0.018571 seconds (0d 0h 0m 0s)

---------------  T H R E A D  ---------------

Current thread (0x000002e3ce6d1b20):  JavaThread "Unknown thread" [_thread_in_vm, id=9100, stack(0x000000f3d7800000,0x000000f3d7900000)]

Stack: [0x000000f3d7800000,0x000000f3d7900000]
Native frames: (J=compiled Java code, j=interpreted, Vv=VM code, C=native code)
V  [jvm.dll+0x62ae9a]
V  [jvm.dll+0x7817a9]
V  [jvm.dll+0x782f03]
V  [jvm.dll+0x783563]
V  [jvm.dll+0x216325]
V  [jvm.dll+0x6281d9]
V  [jvm.dll+0x61cf55]
V  [jvm.dll+0x2cffdd]
V  [jvm.dll+0x2cfe42]
V  [jvm.dll+0x2d5e1c]
V  [jvm.dll+0x32590a]
V  [jvm.dll+0x324fd4]
V  [jvm.dll+0x2a6f5a]
V  [jvm.dll+0x2a80f8]
V  [jvm.dll+0x75e241]
V  [jvm.dll+0x3341c4]
V  [jvm.dll+0x73e926]
V  [jvm.dll+0x3b7557]
V  [jvm.dll+0x3b8fe1]
C  [jli.dll+0x52fb]
C  [ucrtbase.dll+0x21bb2]
C  [KERNEL32.DLL+0x17034]
C  [ntdll.dll+0x52651]


---------------  P R O C E S S  ---------------

Threads class SMR info:
_java_thread_list=0x00007ffcd3774ff0, length=0, elements={
}

Java Threads: ( => current thread )

Other Threads:
  0x000002e3ce71e2d0 GCTaskThread "GC Thread#0" [stack: 0x000000f3d7900000,0x000000f3d7a00000] [id=24136]
  0x000002e3ce72db10 ConcurrentGCThread "G1 Main Marker" [stack: 0x000000f3d7a00000,0x000000f3d7b00000] [id=11500]
  0x000002e3ce72f6a0 ConcurrentGCThread "G1 Conc#0" [stack: 0x000000f3d7b00000,0x000000f3d7c00000] [id=4624]

[error occurred during error reporting (printing all threads), id 0xc0000005, EXCEPTION_ACCESS_VIOLATION (0xc0000005) at pc=0x00007ffcd2f67e27]

VM state: not at safepoint (not fully initialized)

VM Mutex/Monitor currently owned by a thread:  ([mutex/lock_event])
[0x000002e3ce6cc440] Heap_lock - owner thread: 0x000002e3ce6d1b20

Heap address: 0x0000000721400000, size: 3564 MB, Compressed Oops mode: Zero based, Oop shift amount: 3
CDS archive(s) mapped at: [0x0000000000000000-0x0000000000000000-0x0000000000000000), size 0, SharedBaseAddress: 0x0000000800000000, ArchiveRelocationMode: 0.
Narrow klass base: 0x0000000000000000, Narrow klass shift: 0, Narrow klass range: 0x0

Heap:
 garbage-first heap   total 229376K, used 0K [0x0000000721400000, 0x0000000800000000)
  region size 2048K, 0 young (0K), 0 survivors (0K)
 Metaspace       used 0K, capacity 0K, committed 0K, reserved 0K
  class space    used 0K, capacity 0K, committed 0K, reserved 0K

Heap Regions: E=young(eden), S=young(survivor), O=old, HS=humongous(starts), HC=humongous(continues), CS=collection set, F=free, OA=open archive, CA=closed archive, TAMS=top-at-mark-start (previous, next)

Card table byte_map: [0x000002e3e3a80000,0x000002e3e4180000] _byte_map_base: 0x000002e3e0176000

Marking Bits (Prev, Next): (CMBitMap*) 0x000002e3ce71ea50, (CMBitMap*) 0x000002e3ce71ea90
 Prev Bits: [0x000002e3e4880000, 0x000002e3e8030000)
 Next Bits: [0x000002e3e8030000, 0x000002e3eb7e0000)

GC Heap History (0 events):
No events

Deoptimization events (0 events):
No events

Classes unloaded (0 events):
No events

Classes redefined (0 events):
No events

Internal exceptions (0 events):
No events

Events (1 events):
Event: 0.012 Loaded shared library C:\Users\matth\.p2\pool\plugins\org.eclipse.justj.openjdk.hotspot.jre.full.win32.x86_64_15.0.2.v20210201-0955\jre\bin\java.dll


Dynamic libraries:
0x00007ff6893f0000 - 0x00007ff6893fd000 	C:\Users\matth\.p2\pool\plugins\org.eclipse.justj.openjdk.hotspot.jre.full.win32.x86_64_15.0.2.v20210201-0955\jre\bin\javaw.exe
0x00007ffd3e750000 - 0x00007ffd3e945000 	C:\windows\SYSTEM32\ntdll.dll
0x00007ffd3cd80000 - 0x00007ffd3ce3d000 	C:\windows\System32\KERNEL32.DLL
0x00007ffd3c4b0000 - 0x00007ffd3c779000 	C:\windows\System32\KERNELBASE.dll
0x00007ffd3c090000 - 0x00007ffd3c190000 	C:\windows\System32\ucrtbase.dll
0x00007ffd29400000 - 0x00007ffd29418000 	C:\Users\matth\.p2\pool\plugins\org.eclipse.justj.openjdk.hotspot.jre.full.win32.x86_64_15.0.2.v20210201-0955\jre\bin\jli.dll
0x00007ffd27f80000 - 0x00007ffd27f99000 	C:\Users\matth\.p2\pool\plugins\org.eclipse.justj.openjdk.hotspot.jre.full.win32.x86_64_15.0.2.v20210201-0955\jre\bin\VCRUNTIME140.dll
0x00007ffd3cb10000 - 0x00007ffd3ccb0000 	C:\windows\System32\USER32.dll
0x00007ffd3c780000 - 0x00007ffd3c7a2000 	C:\windows\System32\win32u.dll
0x00007ffd26be0000 - 0x00007ffd26e7a000 	C:\windows\WinSxS\amd64_microsoft.windows.common-controls_6595b64144ccf1df_6.0.19041.844_none_ca00b6081b84eb1d\COMCTL32.dll
0x00007ffd3e590000 - 0x00007ffd3e62e000 	C:\windows\System32\msvcrt.dll
0x00007ffd3d930000 - 0x00007ffd3d95a000 	C:\windows\System32\GDI32.dll
0x00007ffd3c2f0000 - 0x00007ffd3c3fb000 	C:\windows\System32\gdi32full.dll
0x00007ffd3bff0000 - 0x00007ffd3c08d000 	C:\windows\System32\msvcp_win.dll
0x00007ffd3da60000 - 0x00007ffd3da90000 	C:\windows\System32\IMM32.DLL
0x00007ffd2a670000 - 0x00007ffd2a67c000 	C:\Users\matth\.p2\pool\plugins\org.eclipse.justj.openjdk.hotspot.jre.full.win32.x86_64_15.0.2.v20210201-0955\jre\bin\vcruntime140_1.dll
0x00007ffcfe0f0000 - 0x00007ffcfe181000 	C:\Users\matth\.p2\pool\plugins\org.eclipse.justj.openjdk.hotspot.jre.full.win32.x86_64_15.0.2.v20210201-0955\jre\bin\msvcp140.dll
0x00007ffcd2cb0000 - 0x00007ffcd380e000 	C:\Users\matth\.p2\pool\plugins\org.eclipse.justj.openjdk.hotspot.jre.full.win32.x86_64_15.0.2.v20210201-0955\jre\bin\server\jvm.dll
0x00007ffd3ccb0000 - 0x00007ffd3cd5c000 	C:\windows\System32\ADVAPI32.dll
0x00007ffd3d9c0000 - 0x00007ffd3da5c000 	C:\windows\System32\sechost.dll
0x00007ffd3e0c0000 - 0x00007ffd3e1eb000 	C:\windows\System32\RPCRT4.dll
0x00007ffd3dc40000 - 0x00007ffd3dc48000 	C:\windows\System32\PSAPI.DLL
0x00007ffd35c70000 - 0x00007ffd35c7a000 	C:\windows\SYSTEM32\VERSION.dll
0x00007ffd37170000 - 0x00007ffd37179000 	C:\windows\SYSTEM32\WSOCK32.dll
0x00007ffd2a150000 - 0x00007ffd2a177000 	C:\windows\SYSTEM32\WINMM.dll
0x00007ffd3d860000 - 0x00007ffd3d8cb000 	C:\windows\System32\WS2_32.dll
0x00007ffd39df0000 - 0x00007ffd39e02000 	C:\windows\SYSTEM32\kernel.appcore.dll
0x00007ffd36170000 - 0x00007ffd3617a000 	C:\Users\matth\.p2\pool\plugins\org.eclipse.justj.openjdk.hotspot.jre.full.win32.x86_64_15.0.2.v20210201-0955\jre\bin\jimage.dll
0x00007ffd2cfb0000 - 0x00007ffd2d194000 	C:\windows\SYSTEM32\DBGHELP.DLL
0x00007ffd2ce20000 - 0x00007ffd2ce4c000 	C:\windows\SYSTEM32\dbgcore.DLL
0x00007ffd3bf40000 - 0x00007ffd3bfc0000 	C:\windows\System32\bcryptPrimitives.dll
0x00007ffd1db80000 - 0x00007ffd1dba5000 	C:\Users\matth\.p2\pool\plugins\org.eclipse.justj.openjdk.hotspot.jre.full.win32.x86_64_15.0.2.v20210201-0955\jre\bin\java.dll

dbghelp: loaded successfully - version: 4.0.5 - missing functions: none
symbol engine: initialized successfully - sym options: 0x614 - pdb path: .;C:\Users\matth\.p2\pool\plugins\org.eclipse.justj.openjdk.hotspot.jre.full.win32.x86_64_15.0.2.v20210201-0955\jre\bin;C:\windows\SYSTEM32;C:\windows\WinSxS\amd64_microsoft.windows.common-controls_6595b64144ccf1df_6.0.19041.844_none_ca00b6081b84eb1d;C:\Users\matth\.p2\pool\plugins\org.eclipse.justj.openjdk.hotspot.jre.full.win32.x86_64_15.0.2.v20210201-0955\jre\bin\server

VM Arguments:
jvm_args: -Dfile.encoding=Cp1252 --module-path=C:\Users\matth\.p2\pool\plugins\org.junit_4.13.0.v20200204-1500.jar;C:\Users\matth\.p2\pool\plugins\org.hamcrest.core_1.3.0.v20180420-1519.jar;D:\Cours UCN\Projet\sqljdbc4.jar -XX:+ShowCodeDetailsInExceptionMessages 
java_command: ui.UserInterface
java_class_path (initial): C:\Users\matth\OneDrive\Bureau\Persistence_Project\Persistence\bin
Launcher Type: SUN_STANDARD

[Global flags]
     intx CICompilerCount                          = 4                                         {product} {ergonomic}
     uint ConcGCThreads                            = 2                                         {product} {ergonomic}
     uint G1ConcRefinementThreads                  = 8                                         {product} {ergonomic}
   size_t G1HeapRegionSize                         = 2097152                                   {product} {ergonomic}
    uintx GCDrainStackTargetSize                   = 64                                        {product} {ergonomic}
   size_t InitialHeapSize                          = 234881024                                 {product} {ergonomic}
   size_t MarkStackSize                            = 4194304                                   {product} {ergonomic}
   size_t MaxHeapSize                              = 3737124864                                {product} {ergonomic}
   size_t MinHeapDeltaBytes                        = 2097152                                   {product} {ergonomic}
   size_t MinHeapSize                              = 8388608                                   {product} {ergonomic}
    uintx NonNMethodCodeHeapSize                   = 5839372                                {pd product} {ergonomic}
    uintx NonProfiledCodeHeapSize                  = 122909434                              {pd product} {ergonomic}
    uintx ProfiledCodeHeapSize                     = 122909434                              {pd product} {ergonomic}
    uintx ReservedCodeCacheSize                    = 251658240                              {pd product} {ergonomic}
     bool SegmentedCodeCache                       = true                                      {product} {ergonomic}
     bool ShowCodeDetailsInExceptionMessages       = true                                   {manageable} {command line}
   size_t SoftMaxHeapSize                          = 3737124864                             {manageable} {ergonomic}
     bool UseCompressedClassPointers               = true                                 {lp64_product} {ergonomic}
     bool UseCompressedOops                        = true                                 {lp64_product} {ergonomic}
     bool UseG1GC                                  = true                                      {product} {ergonomic}
     bool UseLargePagesIndividualAllocation        = false                                  {pd product} {ergonomic}

Logging:
Log output configuration:
 #0: stdout all=warning uptime,level,tags
 #1: stderr all=off uptime,level,tags

Environment Variables:
PATH=C:/Users/matth/.p2/pool/plugins/org.eclipse.justj.openjdk.hotspot.jre.full.win32.x86_64_15.0.2.v20210201-0955/jre/bin/server;C:/Users/matth/.p2/pool/plugins/org.eclipse.justj.openjdk.hotspot.jre.full.win32.x86_64_15.0.2.v20210201-0955/jre/bin;C:\Program Files\Microsoft MPI\Bin\;C:\ProgramData\Oracle\Java\javapath;C:\windows\system32;C:\windows;C:\windows\System32\Wbem;C:\windows\System32\WindowsPowerShell\v1.0\;C:\windows\System32\OpenSSH\;C:\Program Files (x86)\Microsoft SQL Server\150\Tools\Binn\;C:\Program Files\Microsoft SQL Server\150\Tools\Binn\;C:\Program Files (x86)\Microsoft SQL Server\150\DTS\Binn\;C:\Program Files\Microsoft SQL Server\150\DTS\Binn\;C:\Program Files\Microsoft SQL Server\Client SDK\ODBC\170\Tools\Binn\;C:\Program Files\Azure Data Studio\bin;C:\Program Files\Git\cmd;C:\Users\matth\AppData\Local\Microsoft\WindowsApps;;C:\Program Files\Azure Data Studio\bin;C:\Users\matth\AppData\Local\Programs\Microsoft VS Code\bin;C:\Users\matth\OneDrive\Bureau;
USERNAME=matth
OS=Windows_NT
PROCESSOR_IDENTIFIER=AMD64 Family 23 Model 24 Stepping 1, AuthenticAMD



---------------  S Y S T E M  ---------------

OS:
 Windows 10 , 64 bit Build 19041 (10.0.19041.804)
OS uptime: 6 days 12:12 hours

CPU: total 8 (initial active 8) (8 cores per cpu, 2 threads per core) family 23 model 24 stepping 1 microcode 0x0, cmov, cx8, fxsr, mmx, sse, sse2, sse3, ssse3, sse4.1, sse4.2, popcnt, vzeroupper, avx, avx2, aes, clmul, 3dnowpref, lzcnt, sse4a, ht, tsc, tscinvbit, tscinv, bmi1, bmi2, adx, sha, fma, clflush, clflushopt

Memory: 4k page, system-wide physical 14250M (4374M free)
TotalPageFile size 29394M (AvailPageFile size 86M)
current process WorkingSet (physical memory assigned to process): 10M, peak: 10M
current process commit charge ("private bytes"): 60M, peak: 284M

vm_info: OpenJDK 64-Bit Server VM (15.0.2+7-27) for windows-amd64 JRE (15.0.2+7-27), built on Dec  7 2020 20:02:38 by "mach5one" with unknown MS VC++:1925

END.
